<?xml version="1.0" encoding="UTF-8"?>
<!-- Generated by org.testng.reporters.JUnitReportReporter -->
<testsuite hostname="LTIN197254" failures="0" tests="4" name="lambdatestjava.LambdaTestJava2" time="29.027" errors="0" timestamp="2022-10-25T11:06:24 IST" skipped="0">
  <testcase classname="lambdatestjava.LambdaTestJava2" name="testScenario2" time="7.091"/>
  <system-out/>
  <testcase classname="lambdatestjava.LambdaTestJava2" name="testScenario2" time="8.698"/>
  <system-out/>
  <testcase classname="lambdatestjava.LambdaTestJava2" name="testScenario2" time="6.431"/>
  <system-out/>
  <testcase classname="lambdatestjava.LambdaTestJava2" name="testScenario2" time="6.807"/>
  <system-out/>
</testsuite> <!-- lambdatestjava.LambdaTestJava2 -->
