<?xml version="1.0" encoding="UTF-8"?>
<!-- Generated by org.testng.reporters.JUnitReportReporter -->
<testsuite hostname="LTIN197254" failures="0" tests="4" name="lambdatestjava.LambdaTestJava3" time="21.609" errors="0" timestamp="2022-10-25T11:06:24 IST" skipped="0">
  <testcase classname="lambdatestjava.LambdaTestJava3" name="testScenario3" time="4.557"/>
  <system-out/>
  <testcase classname="lambdatestjava.LambdaTestJava3" name="testScenario3" time="4.713"/>
  <system-out/>
  <testcase classname="lambdatestjava.LambdaTestJava3" name="testScenario3" time="5.511"/>
  <system-out/>
  <testcase classname="lambdatestjava.LambdaTestJava3" name="testScenario3" time="6.828"/>
  <system-out/>
</testsuite> <!-- lambdatestjava.LambdaTestJava3 -->
